
> web@0.1.0 build
> next build

⚠ `eslint` configuration in next.config.ts is no longer supported. See more info here: https://nextjs.org/docs/app/api-reference/cli/next#next-lint-options
⚠ Invalid next.config.ts options detected: 
⚠     Unrecognized key(s) in object: 'eslint'
⚠ See more info here: https://nextjs.org/docs/messages/invalid-next-config
▲ Next.js 16.2.6 (Turbopack)
- Environments: .env.local

  Creating an optimized production build ...

> Build error occurred
Error: Turbopack build failed with 1 errors:
./apps/web/src/app/page.tsx:332:16
Expected ';', '}' or <eof>
  [90m330 |[0m   );
  [90m331 |[0m }
[31m[1m>[0m [90m332 |[0m page.tsk, give me the steps to [36mdo[0m it [36min[0m y porject
  [90m    |[0m                [31m[1m^^[0m

Parsing ecmascript source code failed


    at <unknown> (./apps/web/src/app/page.tsx:332:16)
npm error Lifecycle script `build` failed with error:
npm error code 1
npm error path D:\Prism\prism-ai\apps\web
npm error workspace web@0.1.0
npm error location D:\Prism\prism-ai\apps\web
npm error command failed
npm error command C:\Windows\system32\cmd.exe /d /s /c next build
npm notice
npm notice New minor version of npm available! 11.13.0 -> 11.16.0
npm notice Changelog: https://github.com/npm/cli/releases/tag/v11.16.0
npm notice To update run: npm install -g npm@11.16.0
npm notice
